# JRE version: OpenJDK Runtime Environment Temurin-21.0.9+10 (21.0.9+10) (build 21.0.9+10-LTS)
# Java VM: OpenJDK 64-Bit Server VM Temurin-21.0.9+10 (21.0.9+10-LTS, mixed mode, sharing, tiered, compressed oops, compressed class ptrs, parallel gc, windows-amd64)
GC Precious Log:
 CardTable entry size: 512
 CPUs: 12 total, 12 available
 Memory: 15681M
 Large Page Support: Disabled
 NUMA Support: Disabled
 Compressed Oops: Enabled (32-bit)
 Alignments: Space 512K, Generation 512K, Heap 2M
 Heap Min Capacity: 100M
 Heap Initial Capacity: 100M
 Heap Max Capacity: 2G
 Pre-touch: Disabled
 Parallel Workers: 10
Heap:
 PSYoungGen      total 5632K, used 3109K [0x00000000d5580000, 0x00000000d5c80000, 0x0000000100000000)
  eden space 5120K, 51% used [0x00000000d5580000,0x00000000d580ebc0,0x00000000d5a80000)
  from space 512K, 95% used [0x00000000d5a80000,0x00000000d5afa930,0x00000000d5b00000)
  to   space 1024K, 0% used [0x00000000d5b80000,0x00000000d5b80000,0x00000000d5c80000)
 ParOldGen       total 1016832K, used 1016363K [0x0000000080000000, 0x00000000be100000, 0x00000000d5580000)
  object space 1016832K, 99% used [0x0000000080000000,0x00000000be08adc0,0x00000000be100000)
 Metaspace       used 103436K, committed 105152K, reserved 1179648K
  class space    used 10109K, committed 10944K, reserved 1048576K
GC Heap History (20 events):
Event: 164404.097 GC heap before
{Heap before GC invocations=8770 (full 10):
 PSYoungGen      total 4096K, used 4079K [0x00000000d5580000, 0x00000000d5e00000, 0x0000000100000000)
  eden space 2048K, 100% used [0x00000000d5580000,0x00000000d5780000,0x00000000d5780000)
  from space 2048K, 99% used [0x00000000d5780000,0x00000000d597bd80,0x00000000d5980000)
  to   space 3072K, 0% used [0x00000000d5b00000,0x00000000d5b00000,0x00000000d5e00000)
 ParOldGen       total 1005568K, used 1005536K [0x0000000080000000, 0x00000000bd600000, 0x00000000d5580000)
  object space 1005568K, 99% used [0x0000000080000000,0x00000000bd5f83e0,0x00000000bd600000)
 Metaspace       used 103434K, committed 105152K, reserved 1179648K
  class space    used 10108K, committed 10944K, reserved 1048576K
}
Event: 164404.099 GC heap after
{Heap after GC invocations=8770 (full 10):
 PSYoungGen      total 5120K, used 2144K [0x00000000d5580000, 0x00000000d5d80000, 0x0000000100000000)
  eden space 2560K, 0% used [0x00000000d5580000,0x00000000d5580000,0x00000000d5800000)
  from space 2560K, 83% used [0x00000000d5b00000,0x00000000d5d18000,0x00000000d5d80000)
  to   space 2560K, 0% used [0x00000000d5880000,0x00000000d5880000,0x00000000d5b00000)
 ParOldGen       total 1007616K, used 1007592K [0x0000000080000000, 0x00000000bd800000, 0x00000000d5580000)
  object space 1007616K, 99% used [0x0000000080000000,0x00000000bd7fa160,0x00000000bd800000)
 Metaspace       used 103434K, committed 105152K, reserved 1179648K
  class space    used 10108K, committed 10944K, reserved 1048576K
}
Event: 164404.106 GC heap before
{Heap before GC invocations=8771 (full 10):
 PSYoungGen      total 5120K, used 4704K [0x00000000d5580000, 0x00000000d5d80000, 0x0000000100000000)
  eden space 2560K, 100% used [0x00000000d5580000,0x00000000d5800000,0x00000000d5800000)
  from space 2560K, 83% used [0x00000000d5b00000,0x00000000d5d18000,0x00000000d5d80000)
  to   space 2560K, 0% used [0x00000000d5880000,0x00000000d5880000,0x00000000d5b00000)
 ParOldGen       total 1007616K, used 1007592K [0x0000000080000000, 0x00000000bd800000, 0x00000000d5580000)
  object space 1007616K, 99% used [0x0000000080000000,0x00000000bd7fa160,0x00000000bd800000)
 Metaspace       used 103434K, committed 105152K, reserved 1179648K
  class space    used 10108K, committed 10944K, reserved 1048576K
}
Event: 164404.108 GC heap after
{Heap after GC invocations=8771 (full 10):
 PSYoungGen      total 5632K, used 1984K [0x00000000d5580000, 0x00000000d5d80000, 0x0000000100000000)
  eden space 3072K, 0% used [0x00000000d5580000,0x00000000d5580000,0x00000000d5880000)
  from space 2560K, 77% used [0x00000000d5880000,0x00000000d5a70000,0x00000000d5b00000)
  to   space 2560K, 0% used [0x00000000d5b00000,0x00000000d5b00000,0x00000000d5d80000)
 ParOldGen       total 1010176K, used 1009672K [0x0000000080000000, 0x00000000bda80000, 0x00000000d5580000)
  object space 1010176K, 99% used [0x0000000080000000,0x00000000bda02160,0x00000000bda80000)
 Metaspace       used 103434K, committed 105152K, reserved 1179648K
  class space    used 10108K, committed 10944K, reserved 1048576K
}
Event: 164404.127 GC heap before
{Heap before GC invocations=8772 (full 10):
 PSYoungGen      total 5632K, used 5055K [0x00000000d5580000, 0x00000000d5d80000, 0x0000000100000000)
  eden space 3072K, 99% used [0x00000000d5580000,0x00000000d587fff8,0x00000000d5880000)
  from space 2560K, 77% used [0x00000000d5880000,0x00000000d5a70000,0x00000000d5b00000)
  to   space 2560K, 0% used [0x00000000d5b00000,0x00000000d5b00000,0x00000000d5d80000)
 ParOldGen       total 1012224K, used 1011530K [0x0000000080000000, 0x00000000bdc80000, 0x00000000d5580000)
  object space 1012224K, 99% used [0x0000000080000000,0x00000000bdbd2a78,0x00000000bdc80000)
 Metaspace       used 103434K, committed 105152K, reserved 1179648K
  class space    used 10108K, committed 10944K, reserved 1048576K
}
Event: 164404.129 GC heap after
{Heap after GC invocations=8772 (full 10):
 PSYoungGen      total 5632K, used 2188K [0x00000000d5580000, 0x00000000d5e80000, 0x0000000100000000)
  eden space 3072K, 0% used [0x00000000d5580000,0x00000000d5580000,0x00000000d5880000)
  from space 2560K, 85% used [0x00000000d5b00000,0x00000000d5d23340,0x00000000d5d80000)
  to   space 2560K, 0% used [0x00000000d5880000,0x00000000d5880000,0x00000000d5b00000)
 ParOldGen       total 1013760K, used 1013450K [0x0000000080000000, 0x00000000bde00000, 0x00000000d5580000)
  object space 1013760K, 99% used [0x0000000080000000,0x00000000bddb2a78,0x00000000bde00000)
 Metaspace       used 103434K, committed 105152K, reserved 1179648K
  class space    used 10108K, committed 10944K, reserved 1048576K
}
Event: 164404.135 GC heap before
{Heap before GC invocations=8773 (full 10):
 PSYoungGen      total 5632K, used 5256K [0x00000000d5580000, 0x00000000d5e80000, 0x0000000100000000)
  eden space 3072K, 99% used [0x00000000d5580000,0x00000000d587ed68,0x00000000d5880000)
  from space 2560K, 85% used [0x00000000d5b00000,0x00000000d5d23340,0x00000000d5d80000)
  to   space 2560K, 0% used [0x00000000d5880000,0x00000000d5880000,0x00000000d5b00000)
 ParOldGen       total 1013760K, used 1013450K [0x0000000080000000, 0x00000000bde00000, 0x00000000d5580000)
  object space 1013760K, 99% used [0x0000000080000000,0x00000000bddb2a78,0x00000000bde00000)
 Metaspace       used 103434K, committed 105152K, reserved 1179648K
  class space    used 10108K, committed 10944K, reserved 1048576K
}
Event: 164404.136 GC heap after
{Heap after GC invocations=8773 (full 10):
 PSYoungGen      total 5632K, used 726K [0x00000000d5580000, 0x00000000d5c80000, 0x0000000100000000)
  eden space 3072K, 0% used [0x00000000d5580000,0x00000000d5580000,0x00000000d5880000)
  from space 2560K, 28% used [0x00000000d5880000,0x00000000d5935a28,0x00000000d5b00000)
  to   space 1536K, 0% used [0x00000000d5b00000,0x00000000d5b00000,0x00000000d5c80000)
 ParOldGen       total 1015808K, used 1015443K [0x0000000080000000, 0x00000000be000000, 0x00000000d5580000)
  object space 1015808K, 99% used [0x0000000080000000,0x00000000bdfa4cf0,0x00000000be000000)
 Metaspace       used 103434K, committed 105152K, reserved 1179648K
  class space    used 10108K, committed 10944K, reserved 1048576K
}
Event: 164404.156 GC heap before
{Heap before GC invocations=8774 (full 10):
 PSYoungGen      total 5632K, used 3798K [0x00000000d5580000, 0x00000000d5c80000, 0x0000000100000000)
  eden space 3072K, 100% used [0x00000000d5580000,0x00000000d5880000,0x00000000d5880000)
  from space 2560K, 28% used [0x00000000d5880000,0x00000000d5935a28,0x00000000d5b00000)
  to   space 1536K, 0% used [0x00000000d5b00000,0x00000000d5b00000,0x00000000d5c80000)
 ParOldGen       total 1015808K, used 1015443K [0x0000000080000000, 0x00000000be000000, 0x00000000d5580000)
  object space 1015808K, 99% used [0x0000000080000000,0x00000000bdfa4cf0,0x00000000be000000)
 Metaspace       used 103434K, committed 105152K, reserved 1179648K
  class space    used 10108K, committed 10944K, reserved 1048576K
}
Event: 164404.157 GC heap after
{Heap after GC invocations=8774 (full 10):
 PSYoungGen      total 4608K, used 384K [0x00000000d5580000, 0x00000000d5b80000, 0x0000000100000000)
  eden space 4096K, 0% used [0x00000000d5580000,0x00000000d5580000,0x00000000d5980000)
  from space 512K, 75% used [0x00000000d5b00000,0x00000000d5b60000,0x00000000d5b80000)
  to   space 1024K, 0% used [0x00000000d5980000,0x00000000d5980000,0x00000000d5a80000)
 ParOldGen       total 1016320K, used 1015859K [0x0000000080000000, 0x00000000be080000, 0x00000000d5580000)
  object space 1016320K, 99% used [0x0000000080000000,0x00000000be00cd10,0x00000000be080000)
 Metaspace       used 103434K, committed 105152K, reserved 1179648K
  class space    used 10108K, committed 10944K, reserved 1048576K
}
Event: 164404.564 GC heap before
{Heap before GC invocations=8775 (full 10):
 PSYoungGen      total 4608K, used 3650K [0x00000000d5580000, 0x00000000d5b80000, 0x0000000100000000)
  eden space 4096K, 79% used [0x00000000d5580000,0x00000000d58b0bb8,0x00000000d5980000)
  from space 512K, 75% used [0x00000000d5b00000,0x00000000d5b60000,0x00000000d5b80000)
  to   space 1024K, 0% used [0x00000000d5980000,0x00000000d5980000,0x00000000d5a80000)
 ParOldGen       total 1016320K, used 1015859K [0x0000000080000000, 0x00000000be080000, 0x00000000d5580000)
  object space 1016320K, 99% used [0x0000000080000000,0x00000000be00cd10,0x00000000be080000)
 Metaspace       used 103434K, committed 105152K, reserved 1179648K
  class space    used 10108K, committed 10944K, reserved 1048576K
}
Event: 164404.566 GC heap after
{Heap after GC invocations=8775 (full 10):
 PSYoungGen      total 5120K, used 426K [0x00000000d5580000, 0x00000000d5b80000, 0x0000000100000000)
  eden space 4096K, 0% used [0x00000000d5580000,0x00000000d5580000,0x00000000d5980000)
  from space 1024K, 41% used [0x00000000d5980000,0x00000000d59ea9c8,0x00000000d5a80000)
  to   space 512K, 0% used [0x00000000d5b00000,0x00000000d5b00000,0x00000000d5b80000)
 ParOldGen       total 1016320K, used 1016093K [0x0000000080000000, 0x00000000be080000, 0x00000000d5580000)
  object space 1016320K, 99% used [0x0000000080000000,0x00000000be047518,0x00000000be080000)
 Metaspace       used 103434K, committed 105152K, reserved 1179648K
  class space    used 10108K, committed 10944K, reserved 1048576K
}
Event: 164404.570 GC heap before
{Heap before GC invocations=8776 (full 10):
 PSYoungGen      total 5120K, used 4179K [0x00000000d5580000, 0x00000000d5b80000, 0x0000000100000000)
  eden space 4096K, 91% used [0x00000000d5580000,0x00000000d592a2c8,0x00000000d5980000)
  from space 1024K, 41% used [0x00000000d5980000,0x00000000d59ea9c8,0x00000000d5a80000)
  to   space 512K, 0% used [0x00000000d5b00000,0x00000000d5b00000,0x00000000d5b80000)
 ParOldGen       total 1016320K, used 1016093K [0x0000000080000000, 0x00000000be080000, 0x00000000d5580000)
  object space 1016320K, 99% used [0x0000000080000000,0x00000000be047518,0x00000000be080000)
 Metaspace       used 103434K, committed 105152K, reserved 1179648K
  class space    used 10108K, committed 10944K, reserved 1048576K
}
Event: 164404.572 GC heap after
{Heap after GC invocations=8776 (full 10):
 PSYoungGen      total 4608K, used 334K [0x00000000d5580000, 0x00000000d5b80000, 0x0000000100000000)
  eden space 4096K, 0% used [0x00000000d5580000,0x00000000d5580000,0x00000000d5980000)
  from space 512K, 65% used [0x00000000d5b00000,0x00000000d5b538a8,0x00000000d5b80000)
  to   space 512K, 0% used [0x00000000d5a80000,0x00000000d5a80000,0x00000000d5b00000)
 ParOldGen       total 1016320K, used 1016173K [0x0000000080000000, 0x00000000be080000, 0x00000000d5580000)
  object space 1016320K, 99% used [0x0000000080000000,0x00000000be05b518,0x00000000be080000)
 Metaspace       used 103434K, committed 105152K, reserved 1179648K
  class space    used 10108K, committed 10944K, reserved 1048576K
}
Event: 164404.577 GC heap before
{Heap before GC invocations=8777 (full 10):
 PSYoungGen      total 4608K, used 4430K [0x00000000d5580000, 0x00000000d5b80000, 0x0000000100000000)
  eden space 4096K, 100% used [0x00000000d5580000,0x00000000d5980000,0x00000000d5980000)
  from space 512K, 65% used [0x00000000d5b00000,0x00000000d5b538a8,0x00000000d5b80000)
  to   space 512K, 0% used [0x00000000d5a80000,0x00000000d5a80000,0x00000000d5b00000)
 ParOldGen       total 1016320K, used 1016173K [0x0000000080000000, 0x00000000be080000, 0x00000000d5580000)
  object space 1016320K, 99% used [0x0000000080000000,0x00000000be05b518,0x00000000be080000)
 Metaspace       used 103434K, committed 105152K, reserved 1179648K
  class space    used 10108K, committed 10944K, reserved 1048576K
}
Event: 164404.579 GC heap after
{Heap after GC invocations=8777 (full 10):
 PSYoungGen      total 5632K, used 334K [0x00000000d5580000, 0x00000000d5b80000, 0x0000000100000000)
  eden space 5120K, 0% used [0x00000000d5580000,0x00000000d5580000,0x00000000d5a80000)
  from space 512K, 65% used [0x00000000d5a80000,0x00000000d5ad38a8,0x00000000d5b00000)
  to   space 512K, 0% used [0x00000000d5b00000,0x00000000d5b00000,0x00000000d5b80000)
 ParOldGen       total 1016320K, used 1016189K [0x0000000080000000, 0x00000000be080000, 0x00000000d5580000)
  object space 1016320K, 99% used [0x0000000080000000,0x00000000be05f518,0x00000000be080000)
 Metaspace       used 103434K, committed 105152K, reserved 1179648K
  class space    used 10108K, committed 10944K, reserved 1048576K
}
Event: 164405.152 GC heap before
{Heap before GC invocations=8778 (full 10):
 PSYoungGen      total 5632K, used 5454K [0x00000000d5580000, 0x00000000d5b80000, 0x0000000100000000)
  eden space 5120K, 100% used [0x00000000d5580000,0x00000000d5a80000,0x00000000d5a80000)
  from space 512K, 65% used [0x00000000d5a80000,0x00000000d5ad38a8,0x00000000d5b00000)
  to   space 512K, 0% used [0x00000000d5b00000,0x00000000d5b00000,0x00000000d5b80000)
 ParOldGen       total 1016320K, used 1016189K [0x0000000080000000, 0x00000000be080000, 0x00000000d5580000)
  object space 1016320K, 99% used [0x0000000080000000,0x00000000be05f518,0x00000000be080000)
 Metaspace       used 103434K, committed 105152K, reserved 1179648K
  class space    used 10108K, committed 10944K, reserved 1048576K
}
Event: 164405.153 GC heap after
{Heap after GC invocations=8778 (full 10):
 PSYoungGen      total 5632K, used 288K [0x00000000d5580000, 0x00000000d5b80000, 0x0000000100000000)
  eden space 5120K, 0% used [0x00000000d5580000,0x00000000d5580000,0x00000000d5a80000)
  from space 512K, 56% used [0x00000000d5b00000,0x00000000d5b48000,0x00000000d5b80000)
  to   space 512K, 0% used [0x00000000d5a80000,0x00000000d5a80000,0x00000000d5b00000)
 ParOldGen       total 1016320K, used 1016315K [0x0000000080000000, 0x00000000be080000, 0x00000000d5580000)
  object space 1016320K, 99% used [0x0000000080000000,0x00000000be07edc0,0x00000000be080000)
 Metaspace       used 103434K, committed 105152K, reserved 1179648K
  class space    used 10108K, committed 10944K, reserved 1048576K
}
Event: 164411.923 GC heap before
{Heap before GC invocations=8779 (full 10):
 PSYoungGen      total 5632K, used 5408K [0x00000000d5580000, 0x00000000d5b80000, 0x0000000100000000)
  eden space 5120K, 100% used [0x00000000d5580000,0x00000000d5a80000,0x00000000d5a80000)
  from space 512K, 56% used [0x00000000d5b00000,0x00000000d5b48000,0x00000000d5b80000)
  to   space 512K, 0% used [0x00000000d5a80000,0x00000000d5a80000,0x00000000d5b00000)
 ParOldGen       total 1016320K, used 1016315K [0x0000000080000000, 0x00000000be080000, 0x00000000d5580000)
  object space 1016320K, 99% used [0x0000000080000000,0x00000000be07edc0,0x00000000be080000)
 Metaspace       used 103436K, committed 105152K, reserved 1179648K
  class space    used 10109K, committed 10944K, reserved 1048576K
}
Event: 164411.926 GC heap after
{Heap after GC invocations=8779 (full 10):
 PSYoungGen      total 5632K, used 490K [0x00000000d5580000, 0x00000000d5c80000, 0x0000000100000000)
  eden space 5120K, 0% used [0x00000000d5580000,0x00000000d5580000,0x00000000d5a80000)
  from space 512K, 95% used [0x00000000d5a80000,0x00000000d5afa930,0x00000000d5b00000)
  to   space 1024K, 0% used [0x00000000d5b80000,0x00000000d5b80000,0x00000000d5c80000)
 ParOldGen       total 1016832K, used 1016363K [0x0000000080000000, 0x00000000be100000, 0x00000000d5580000)
  object space 1016832K, 99% used [0x0000000080000000,0x00000000be08adc0,0x00000000be100000)
 Metaspace       used 103436K, committed 105152K, reserved 1179648K
  class space    used 10109K, committed 10944K, reserved 1048576K
}

